<?xml version="1.0" encoding="UTF-8"?>
<robot generator="Robot 4.1 (Python 3.9.6 on win32)" generated="20210727 20:40:15.682" rpa="false" schemaversion="2">
<suite id="s1" name="Login-Invalido" source="C:\qaninja\robot\web\tests\login-invalido.robot">
<test id="s1-t1" name="Acessar o Site">
<kw name="Open Browser" library="SeleniumLibrary">
<arg>${url}</arg>
<arg>chrome</arg>
<doc>Opens a new browser instance to the optional ``url``.</doc>
<msg timestamp="20210727 20:40:16.400" level="INFO">Opening browser 'chrome' to base url 'https://demodirectory.com.br/'.</msg>
<status status="PASS" starttime="20210727 20:40:16.400" endtime="20210727 20:40:32.654"/>
</kw>
<kw name="Go To" library="SeleniumLibrary">
<arg>${url}/profile/login.php</arg>
<doc>Navigates the current browser window to the provided ``url``.</doc>
<msg timestamp="20210727 20:40:32.654" level="INFO">Opening url 'https://demodirectory.com.br//profile/login.php'</msg>
<status status="PASS" starttime="20210727 20:40:32.654" endtime="20210727 20:40:36.256"/>
</kw>
<kw name="Input Text" library="SeleniumLibrary">
<arg>css:input[id=username]</arg>
<arg>profile@demodirectory.com</arg>
<doc>Types the given ``text`` into the text field identified by ``locator``.</doc>
<msg timestamp="20210727 20:40:36.256" level="INFO">Typing text 'profile@demodirectory.com' into text field 'css:input[id=username]'.</msg>
<status status="PASS" starttime="20210727 20:40:36.256" endtime="20210727 20:40:36.688"/>
</kw>
<kw name="Input Text" library="SeleniumLibrary">
<arg>css:input[id=password]</arg>
<arg>abc1234</arg>
<doc>Types the given ``text`` into the text field identified by ``locator``.</doc>
<msg timestamp="20210727 20:40:36.688" level="INFO">Typing text 'abc1234' into text field 'css:input[id=password]'.</msg>
<status status="PASS" starttime="20210727 20:40:36.688" endtime="20210727 20:40:36.879"/>
</kw>
<kw name="Click Element" library="SeleniumLibrary">
<arg>class:form-button</arg>
<doc>Click the element identified by ``locator``.</doc>
<msg timestamp="20210727 20:40:36.879" level="INFO">Clicking element 'class:form-button'.</msg>
<status status="PASS" starttime="20210727 20:40:36.879" endtime="20210727 20:40:38.439"/>
</kw>
<kw name="Page Should Contain" library="SeleniumLibrary">
<arg>Desculpe, seu e-mail ou senha está incorreto.</arg>
<doc>Verifies that current page contains ``text``.</doc>
<msg timestamp="20210727 20:40:38.545" level="INFO">Current page contains text 'Desculpe, seu e-mail ou senha está incorreto.'.</msg>
<status status="PASS" starttime="20210727 20:40:38.447" endtime="20210727 20:40:38.545"/>
</kw>
<kw name="Close Browser" library="SeleniumLibrary">
<doc>Closes the current browser.</doc>
<status status="PASS" starttime="20210727 20:40:38.545" endtime="20210727 20:40:41.008"/>
</kw>
<status status="PASS" starttime="20210727 20:40:16.400" endtime="20210727 20:40:41.008"/>
</test>
<status status="PASS" starttime="20210727 20:40:15.697" endtime="20210727 20:40:41.070"/>
</suite>
<statistics>
<total>
<stat pass="1" fail="0" skip="0">All Tests</stat>
</total>
<tag>
</tag>
<suite>
<stat pass="1" fail="0" skip="0" id="s1" name="Login-Invalido">Login-Invalido</stat>
</suite>
</statistics>
<errors>
</errors>
</robot>
